<?xml version="1.0" encoding="UTF-8"?>
<!-- Generated by org.testng.reporters.JUnitReportReporter -->
<testsuite hostname="DESKTOP-DLC6ABM" failures="0" tests="1" name="TestRunner.listener" time="0.005" errors="0" timestamp="2024-02-29T15:50:06 PST" skipped="0">
  <testcase classname="TestRunner.listener" name="onFinish" time="0.005"/>
  <system-out/>
</testsuite> <!-- TestRunner.listener -->
