<?xml version="1.0" encoding="UTF-8"?>
<!-- Generated by org.testng.reporters.JUnitReportReporter -->
<testsuite hostname="DESKTOP-DLC6ABM" failures="0" tests="4" name="TestRunner.sauceRunner" time="17.095" errors="0" timestamp="2024-03-05T11:41:30 PST" skipped="0">
  <testcase classname="TestRunner.sauceRunner" name="runScenario" time="3.605"/>
  <system-out/>
  <testcase classname="TestRunner.sauceRunner" name="runScenario" time="2.869"/>
  <system-out/>
  <testcase classname="TestRunner.sauceRunner" name="runScenario" time="7.766"/>
  <system-out/>
  <testcase classname="TestRunner.sauceRunner" name="runScenario" time="2.855"/>
  <system-out/>
</testsuite> <!-- TestRunner.sauceRunner -->
