<?xml version="1.0" encoding="UTF-8"?>
<!-- Generated by org.testng.reporters.JUnitReportReporter -->
<testsuite hostname="DESKTOP-DLC6ABM" failures="0" tests="1" name="Listener.LoginPage" time="0.009" errors="0" timestamp="2024-02-27T19:23:44 PST" skipped="0">
  <testcase classname="Listener.LoginPage" name="f" time="0.009"/>
  <system-out/>
</testsuite> <!-- Listener.LoginPage -->
